[22-Mar-2024 12:26:24 UTC] PHP Warning:  Undefined array key "editor_post_id" in C:\Users\amely\Local Sites\laviedesplantes\app\public\wp-content\plugins\elementor\modules\history\revisions-manager.php on line 363
[23-Mar-2024 16:56:06 UTC] PHP Fatal error:  Uncaught Error: Call to a member function get_id() on null in C:\Users\amely\Local Sites\laviedesplantes\app\public\wp-content\plugins\woolentor-addons\woolentor-blocks\includes\classes\Api\Api.php:319
Stack trace:
#0 C:\Users\amely\Local Sites\laviedesplantes\app\public\wp-includes\rest-api\class-wp-rest-server.php(1193): WooLentorBlocks\Api\Api->get_last_product_data(Object(WP_REST_Request))
#1 C:\Users\amely\Local Sites\laviedesplantes\app\public\wp-includes\rest-api\class-wp-rest-server.php(1041): WP_REST_Server->respond_to_request(Object(WP_REST_Request), '/woolentor/v1/s...', Array, NULL)
#2 C:\Users\amely\Local Sites\laviedesplantes\app\public\wp-includes\rest-api\class-wp-rest-server.php(431): WP_REST_Server->dispatch(Object(WP_REST_Request))
#3 C:\Users\amely\Local Sites\laviedesplantes\app\public\wp-includes\rest-api.php(424): WP_REST_Server->serve_request('/woolentor/v1/s...')
#4 C:\Users\amely\Local Sites\laviedesplantes\app\public\wp-includes\class-wp-hook.php(324): rest_api_loaded(Object(WP))
#5 C:\Users\amely\Local Sites\laviedesplantes\app\public\wp-includes\class-wp-hook.php(348): WP_Hook->apply_filters(NULL, Array)
#6 C:\Users\amely\Local Sites\laviedesplantes\app\public\wp-includes\plugin.php(565): WP_Hook->do_action(Array)
#7 C:\Users\amely\Local Sites\laviedesplantes\app\public\wp-includes\class-wp.php(418): do_action_ref_array('parse_request', Array)
#8 C:\Users\amely\Local Sites\laviedesplantes\app\public\wp-includes\class-wp.php(813): WP->parse_request('')
#9 C:\Users\amely\Local Sites\laviedesplantes\app\public\wp-includes\functions.php(1336): WP->main('')
#10 C:\Users\amely\Local Sites\laviedesplantes\app\public\wp-blog-header.php(16): wp()
#11 C:\Users\amely\Local Sites\laviedesplantes\app\public\index.php(17): require('C:\\Users\\amely\\...')
#12 {main}
  thrown in C:\Users\amely\Local Sites\laviedesplantes\app\public\wp-content\plugins\woolentor-addons\woolentor-blocks\includes\classes\Api\Api.php on line 319
[23-Mar-2024 16:57:47 UTC] PHP Fatal error:  Uncaught Error: Call to a member function get_id() on null in C:\Users\amely\Local Sites\laviedesplantes\app\public\wp-content\plugins\woolentor-addons\woolentor-blocks\includes\classes\Api\Api.php:319
Stack trace:
#0 C:\Users\amely\Local Sites\laviedesplantes\app\public\wp-includes\rest-api\class-wp-rest-server.php(1193): WooLentorBlocks\Api\Api->get_last_product_data(Object(WP_REST_Request))
#1 C:\Users\amely\Local Sites\laviedesplantes\app\public\wp-includes\rest-api\class-wp-rest-server.php(1041): WP_REST_Server->respond_to_request(Object(WP_REST_Request), '/woolentor/v1/s...', Array, NULL)
#2 C:\Users\amely\Local Sites\laviedesplantes\app\public\wp-includes\rest-api\class-wp-rest-server.php(431): WP_REST_Server->dispatch(Object(WP_REST_Request))
#3 C:\Users\amely\Local Sites\laviedesplantes\app\public\wp-includes\rest-api.php(424): WP_REST_Server->serve_request('/woolentor/v1/s...')
#4 C:\Users\amely\Local Sites\laviedesplantes\app\public\wp-includes\class-wp-hook.php(324): rest_api_loaded(Object(WP))
#5 C:\Users\amely\Local Sites\laviedesplantes\app\public\wp-includes\class-wp-hook.php(348): WP_Hook->apply_filters(NULL, Array)
#6 C:\Users\amely\Local Sites\laviedesplantes\app\public\wp-includes\plugin.php(565): WP_Hook->do_action(Array)
#7 C:\Users\amely\Local Sites\laviedesplantes\app\public\wp-includes\class-wp.php(418): do_action_ref_array('parse_request', Array)
#8 C:\Users\amely\Local Sites\laviedesplantes\app\public\wp-includes\class-wp.php(813): WP->parse_request('')
#9 C:\Users\amely\Local Sites\laviedesplantes\app\public\wp-includes\functions.php(1336): WP->main('')
#10 C:\Users\amely\Local Sites\laviedesplantes\app\public\wp-blog-header.php(16): wp()
#11 C:\Users\amely\Local Sites\laviedesplantes\app\public\index.php(17): require('C:\\Users\\amely\\...')
#12 {main}
  thrown in C:\Users\amely\Local Sites\laviedesplantes\app\public\wp-content\plugins\woolentor-addons\woolentor-blocks\includes\classes\Api\Api.php on line 319
[23-Mar-2024 16:59:17 UTC] PHP Fatal error:  Uncaught Error: Call to a member function get_id() on null in C:\Users\amely\Local Sites\laviedesplantes\app\public\wp-content\plugins\woolentor-addons\woolentor-blocks\includes\classes\Api\Api.php:319
Stack trace:
#0 C:\Users\amely\Local Sites\laviedesplantes\app\public\wp-includes\rest-api\class-wp-rest-server.php(1193): WooLentorBlocks\Api\Api->get_last_product_data(Object(WP_REST_Request))
#1 C:\Users\amely\Local Sites\laviedesplantes\app\public\wp-includes\rest-api\class-wp-rest-server.php(1041): WP_REST_Server->respond_to_request(Object(WP_REST_Request), '/woolentor/v1/s...', Array, NULL)
#2 C:\Users\amely\Local Sites\laviedesplantes\app\public\wp-includes\rest-api\class-wp-rest-server.php(431): WP_REST_Server->dispatch(Object(WP_REST_Request))
#3 C:\Users\amely\Local Sites\laviedesplantes\app\public\wp-includes\rest-api.php(424): WP_REST_Server->serve_request('/woolentor/v1/s...')
#4 C:\Users\amely\Local Sites\laviedesplantes\app\public\wp-includes\class-wp-hook.php(324): rest_api_loaded(Object(WP))
#5 C:\Users\amely\Local Sites\laviedesplantes\app\public\wp-includes\class-wp-hook.php(348): WP_Hook->apply_filters(NULL, Array)
#6 C:\Users\amely\Local Sites\laviedesplantes\app\public\wp-includes\plugin.php(565): WP_Hook->do_action(Array)
#7 C:\Users\amely\Local Sites\laviedesplantes\app\public\wp-includes\class-wp.php(418): do_action_ref_array('parse_request', Array)
#8 C:\Users\amely\Local Sites\laviedesplantes\app\public\wp-includes\class-wp.php(813): WP->parse_request('')
#9 C:\Users\amely\Local Sites\laviedesplantes\app\public\wp-includes\functions.php(1336): WP->main('')
#10 C:\Users\amely\Local Sites\laviedesplantes\app\public\wp-blog-header.php(16): wp()
#11 C:\Users\amely\Local Sites\laviedesplantes\app\public\index.php(17): require('C:\\Users\\amely\\...')
#12 {main}
  thrown in C:\Users\amely\Local Sites\laviedesplantes\app\public\wp-content\plugins\woolentor-addons\woolentor-blocks\includes\classes\Api\Api.php on line 319
[23-Mar-2024 17:06:55 UTC] PHP Fatal error:  Uncaught Error: Call to a member function get_id() on null in C:\Users\amely\Local Sites\laviedesplantes\app\public\wp-content\plugins\woolentor-addons\woolentor-blocks\includes\classes\Api\Api.php:319
Stack trace:
#0 C:\Users\amely\Local Sites\laviedesplantes\app\public\wp-includes\rest-api\class-wp-rest-server.php(1193): WooLentorBlocks\Api\Api->get_last_product_data(Object(WP_REST_Request))
#1 C:\Users\amely\Local Sites\laviedesplantes\app\public\wp-includes\rest-api\class-wp-rest-server.php(1041): WP_REST_Server->respond_to_request(Object(WP_REST_Request), '/woolentor/v1/s...', Array, NULL)
#2 C:\Users\amely\Local Sites\laviedesplantes\app\public\wp-includes\rest-api\class-wp-rest-server.php(431): WP_REST_Server->dispatch(Object(WP_REST_Request))
#3 C:\Users\amely\Local Sites\laviedesplantes\app\public\wp-includes\rest-api.php(424): WP_REST_Server->serve_request('/woolentor/v1/s...')
#4 C:\Users\amely\Local Sites\laviedesplantes\app\public\wp-includes\class-wp-hook.php(324): rest_api_loaded(Object(WP))
#5 C:\Users\amely\Local Sites\laviedesplantes\app\public\wp-includes\class-wp-hook.php(348): WP_Hook->apply_filters(NULL, Array)
#6 C:\Users\amely\Local Sites\laviedesplantes\app\public\wp-includes\plugin.php(565): WP_Hook->do_action(Array)
#7 C:\Users\amely\Local Sites\laviedesplantes\app\public\wp-includes\class-wp.php(418): do_action_ref_array('parse_request', Array)
#8 C:\Users\amely\Local Sites\laviedesplantes\app\public\wp-includes\class-wp.php(813): WP->parse_request('')
#9 C:\Users\amely\Local Sites\laviedesplantes\app\public\wp-includes\functions.php(1336): WP->main('')
#10 C:\Users\amely\Local Sites\laviedesplantes\app\public\wp-blog-header.php(16): wp()
#11 C:\Users\amely\Local Sites\laviedesplantes\app\public\index.php(17): require('C:\\Users\\amely\\...')
#12 {main}
  thrown in C:\Users\amely\Local Sites\laviedesplantes\app\public\wp-content\plugins\woolentor-addons\woolentor-blocks\includes\classes\Api\Api.php on line 319
[23-Mar-2024 17:17:43 UTC] PHP Fatal error:  Uncaught Error: Call to a member function get_id() on null in C:\Users\amely\Local Sites\laviedesplantes\app\public\wp-content\plugins\woolentor-addons\woolentor-blocks\includes\classes\Api\Api.php:319
Stack trace:
#0 C:\Users\amely\Local Sites\laviedesplantes\app\public\wp-includes\rest-api\class-wp-rest-server.php(1193): WooLentorBlocks\Api\Api->get_last_product_data(Object(WP_REST_Request))
#1 C:\Users\amely\Local Sites\laviedesplantes\app\public\wp-includes\rest-api\class-wp-rest-server.php(1041): WP_REST_Server->respond_to_request(Object(WP_REST_Request), '/woolentor/v1/s...', Array, NULL)
#2 C:\Users\amely\Local Sites\laviedesplantes\app\public\wp-includes\rest-api\class-wp-rest-server.php(431): WP_REST_Server->dispatch(Object(WP_REST_Request))
#3 C:\Users\amely\Local Sites\laviedesplantes\app\public\wp-includes\rest-api.php(424): WP_REST_Server->serve_request('/woolentor/v1/s...')
#4 C:\Users\amely\Local Sites\laviedesplantes\app\public\wp-includes\class-wp-hook.php(324): rest_api_loaded(Object(WP))
#5 C:\Users\amely\Local Sites\laviedesplantes\app\public\wp-includes\class-wp-hook.php(348): WP_Hook->apply_filters(NULL, Array)
#6 C:\Users\amely\Local Sites\laviedesplantes\app\public\wp-includes\plugin.php(565): WP_Hook->do_action(Array)
#7 C:\Users\amely\Local Sites\laviedesplantes\app\public\wp-includes\class-wp.php(418): do_action_ref_array('parse_request', Array)
#8 C:\Users\amely\Local Sites\laviedesplantes\app\public\wp-includes\class-wp.php(813): WP->parse_request('')
#9 C:\Users\amely\Local Sites\laviedesplantes\app\public\wp-includes\functions.php(1336): WP->main('')
#10 C:\Users\amely\Local Sites\laviedesplantes\app\public\wp-blog-header.php(16): wp()
#11 C:\Users\amely\Local Sites\laviedesplantes\app\public\index.php(17): require('C:\\Users\\amely\\...')
#12 {main}
  thrown in C:\Users\amely\Local Sites\laviedesplantes\app\public\wp-content\plugins\woolentor-addons\woolentor-blocks\includes\classes\Api\Api.php on line 319
[23-Mar-2024 17:21:54 UTC] PHP Fatal error:  Uncaught Error: Call to a member function get_id() on null in C:\Users\amely\Local Sites\laviedesplantes\app\public\wp-content\plugins\woolentor-addons\woolentor-blocks\includes\classes\Api\Api.php:319
Stack trace:
#0 C:\Users\amely\Local Sites\laviedesplantes\app\public\wp-includes\rest-api\class-wp-rest-server.php(1193): WooLentorBlocks\Api\Api->get_last_product_data(Object(WP_REST_Request))
#1 C:\Users\amely\Local Sites\laviedesplantes\app\public\wp-includes\rest-api\class-wp-rest-server.php(1041): WP_REST_Server->respond_to_request(Object(WP_REST_Request), '/woolentor/v1/s...', Array, NULL)
#2 C:\Users\amely\Local Sites\laviedesplantes\app\public\wp-includes\rest-api\class-wp-rest-server.php(431): WP_REST_Server->dispatch(Object(WP_REST_Request))
#3 C:\Users\amely\Local Sites\laviedesplantes\app\public\wp-includes\rest-api.php(424): WP_REST_Server->serve_request('/woolentor/v1/s...')
#4 C:\Users\amely\Local Sites\laviedesplantes\app\public\wp-includes\class-wp-hook.php(324): rest_api_loaded(Object(WP))
#5 C:\Users\amely\Local Sites\laviedesplantes\app\public\wp-includes\class-wp-hook.php(348): WP_Hook->apply_filters(NULL, Array)
#6 C:\Users\amely\Local Sites\laviedesplantes\app\public\wp-includes\plugin.php(565): WP_Hook->do_action(Array)
#7 C:\Users\amely\Local Sites\laviedesplantes\app\public\wp-includes\class-wp.php(418): do_action_ref_array('parse_request', Array)
#8 C:\Users\amely\Local Sites\laviedesplantes\app\public\wp-includes\class-wp.php(813): WP->parse_request('')
#9 C:\Users\amely\Local Sites\laviedesplantes\app\public\wp-includes\functions.php(1336): WP->main('')
#10 C:\Users\amely\Local Sites\laviedesplantes\app\public\wp-blog-header.php(16): wp()
#11 C:\Users\amely\Local Sites\laviedesplantes\app\public\index.php(17): require('C:\\Users\\amely\\...')
#12 {main}
  thrown in C:\Users\amely\Local Sites\laviedesplantes\app\public\wp-content\plugins\woolentor-addons\woolentor-blocks\includes\classes\Api\Api.php on line 319
[23-Mar-2024 17:36:38 UTC] PHP Fatal error:  Uncaught Error: Call to a member function get_id() on null in C:\Users\amely\Local Sites\laviedesplantes\app\public\wp-content\plugins\woolentor-addons\woolentor-blocks\includes\classes\Api\Api.php:319
Stack trace:
#0 C:\Users\amely\Local Sites\laviedesplantes\app\public\wp-includes\rest-api\class-wp-rest-server.php(1193): WooLentorBlocks\Api\Api->get_last_product_data(Object(WP_REST_Request))
#1 C:\Users\amely\Local Sites\laviedesplantes\app\public\wp-includes\rest-api\class-wp-rest-server.php(1041): WP_REST_Server->respond_to_request(Object(WP_REST_Request), '/woolentor/v1/s...', Array, NULL)
#2 C:\Users\amely\Local Sites\laviedesplantes\app\public\wp-includes\rest-api\class-wp-rest-server.php(431): WP_REST_Server->dispatch(Object(WP_REST_Request))
#3 C:\Users\amely\Local Sites\laviedesplantes\app\public\wp-includes\rest-api.php(424): WP_REST_Server->serve_request('/woolentor/v1/s...')
#4 C:\Users\amely\Local Sites\laviedesplantes\app\public\wp-includes\class-wp-hook.php(324): rest_api_loaded(Object(WP))
#5 C:\Users\amely\Local Sites\laviedesplantes\app\public\wp-includes\class-wp-hook.php(348): WP_Hook->apply_filters(NULL, Array)
#6 C:\Users\amely\Local Sites\laviedesplantes\app\public\wp-includes\plugin.php(565): WP_Hook->do_action(Array)
#7 C:\Users\amely\Local Sites\laviedesplantes\app\public\wp-includes\class-wp.php(418): do_action_ref_array('parse_request', Array)
#8 C:\Users\amely\Local Sites\laviedesplantes\app\public\wp-includes\class-wp.php(813): WP->parse_request('')
#9 C:\Users\amely\Local Sites\laviedesplantes\app\public\wp-includes\functions.php(1336): WP->main('')
#10 C:\Users\amely\Local Sites\laviedesplantes\app\public\wp-blog-header.php(16): wp()
#11 C:\Users\amely\Local Sites\laviedesplantes\app\public\index.php(17): require('C:\\Users\\amely\\...')
#12 {main}
  thrown in C:\Users\amely\Local Sites\laviedesplantes\app\public\wp-content\plugins\woolentor-addons\woolentor-blocks\includes\classes\Api\Api.php on line 319
[23-Mar-2024 17:49:41 UTC] PHP Fatal error:  Uncaught Error: Call to a member function get_id() on null in C:\Users\amely\Local Sites\laviedesplantes\app\public\wp-content\plugins\woolentor-addons\woolentor-blocks\includes\classes\Api\Api.php:319
Stack trace:
#0 C:\Users\amely\Local Sites\laviedesplantes\app\public\wp-includes\rest-api\class-wp-rest-server.php(1193): WooLentorBlocks\Api\Api->get_last_product_data(Object(WP_REST_Request))
#1 C:\Users\amely\Local Sites\laviedesplantes\app\public\wp-includes\rest-api\class-wp-rest-server.php(1041): WP_REST_Server->respond_to_request(Object(WP_REST_Request), '/woolentor/v1/s...', Array, NULL)
#2 C:\Users\amely\Local Sites\laviedesplantes\app\public\wp-includes\rest-api\class-wp-rest-server.php(431): WP_REST_Server->dispatch(Object(WP_REST_Request))
#3 C:\Users\amely\Local Sites\laviedesplantes\app\public\wp-includes\rest-api.php(424): WP_REST_Server->serve_request('/woolentor/v1/s...')
#4 C:\Users\amely\Local Sites\laviedesplantes\app\public\wp-includes\class-wp-hook.php(324): rest_api_loaded(Object(WP))
#5 C:\Users\amely\Local Sites\laviedesplantes\app\public\wp-includes\class-wp-hook.php(348): WP_Hook->apply_filters(NULL, Array)
#6 C:\Users\amely\Local Sites\laviedesplantes\app\public\wp-includes\plugin.php(565): WP_Hook->do_action(Array)
#7 C:\Users\amely\Local Sites\laviedesplantes\app\public\wp-includes\class-wp.php(418): do_action_ref_array('parse_request', Array)
#8 C:\Users\amely\Local Sites\laviedesplantes\app\public\wp-includes\class-wp.php(813): WP->parse_request('')
#9 C:\Users\amely\Local Sites\laviedesplantes\app\public\wp-includes\functions.php(1336): WP->main('')
#10 C:\Users\amely\Local Sites\laviedesplantes\app\public\wp-blog-header.php(16): wp()
#11 C:\Users\amely\Local Sites\laviedesplantes\app\public\index.php(17): require('C:\\Users\\amely\\...')
#12 {main}
  thrown in C:\Users\amely\Local Sites\laviedesplantes\app\public\wp-content\plugins\woolentor-addons\woolentor-blocks\includes\classes\Api\Api.php on line 319
[23-Mar-2024 17:58:39 UTC] PHP Fatal error:  Uncaught Error: Call to a member function get_id() on null in C:\Users\amely\Local Sites\laviedesplantes\app\public\wp-content\plugins\woolentor-addons\woolentor-blocks\includes\classes\Api\Api.php:319
Stack trace:
#0 C:\Users\amely\Local Sites\laviedesplantes\app\public\wp-includes\rest-api\class-wp-rest-server.php(1193): WooLentorBlocks\Api\Api->get_last_product_data(Object(WP_REST_Request))
#1 C:\Users\amely\Local Sites\laviedesplantes\app\public\wp-includes\rest-api\class-wp-rest-server.php(1041): WP_REST_Server->respond_to_request(Object(WP_REST_Request), '/woolentor/v1/s...', Array, NULL)
#2 C:\Users\amely\Local Sites\laviedesplantes\app\public\wp-includes\rest-api\class-wp-rest-server.php(431): WP_REST_Server->dispatch(Object(WP_REST_Request))
#3 C:\Users\amely\Local Sites\laviedesplantes\app\public\wp-includes\rest-api.php(424): WP_REST_Server->serve_request('/woolentor/v1/s...')
#4 C:\Users\amely\Local Sites\laviedesplantes\app\public\wp-includes\class-wp-hook.php(324): rest_api_loaded(Object(WP))
#5 C:\Users\amely\Local Sites\laviedesplantes\app\public\wp-includes\class-wp-hook.php(348): WP_Hook->apply_filters(NULL, Array)
#6 C:\Users\amely\Local Sites\laviedesplantes\app\public\wp-includes\plugin.php(565): WP_Hook->do_action(Array)
#7 C:\Users\amely\Local Sites\laviedesplantes\app\public\wp-includes\class-wp.php(418): do_action_ref_array('parse_request', Array)
#8 C:\Users\amely\Local Sites\laviedesplantes\app\public\wp-includes\class-wp.php(813): WP->parse_request('')
#9 C:\Users\amely\Local Sites\laviedesplantes\app\public\wp-includes\functions.php(1336): WP->main('')
#10 C:\Users\amely\Local Sites\laviedesplantes\app\public\wp-blog-header.php(16): wp()
#11 C:\Users\amely\Local Sites\laviedesplantes\app\public\index.php(17): require('C:\\Users\\amely\\...')
#12 {main}
  thrown in C:\Users\amely\Local Sites\laviedesplantes\app\public\wp-content\plugins\woolentor-addons\woolentor-blocks\includes\classes\Api\Api.php on line 319
[23-Mar-2024 18:06:06 UTC] PHP Fatal error:  Uncaught Error: Call to a member function get_id() on null in C:\Users\amely\Local Sites\laviedesplantes\app\public\wp-content\plugins\woolentor-addons\woolentor-blocks\includes\classes\Api\Api.php:319
Stack trace:
#0 C:\Users\amely\Local Sites\laviedesplantes\app\public\wp-includes\rest-api\class-wp-rest-server.php(1193): WooLentorBlocks\Api\Api->get_last_product_data(Object(WP_REST_Request))
#1 C:\Users\amely\Local Sites\laviedesplantes\app\public\wp-includes\rest-api\class-wp-rest-server.php(1041): WP_REST_Server->respond_to_request(Object(WP_REST_Request), '/woolentor/v1/s...', Array, NULL)
#2 C:\Users\amely\Local Sites\laviedesplantes\app\public\wp-includes\rest-api\class-wp-rest-server.php(431): WP_REST_Server->dispatch(Object(WP_REST_Request))
#3 C:\Users\amely\Local Sites\laviedesplantes\app\public\wp-includes\rest-api.php(424): WP_REST_Server->serve_request('/woolentor/v1/s...')
#4 C:\Users\amely\Local Sites\laviedesplantes\app\public\wp-includes\class-wp-hook.php(324): rest_api_loaded(Object(WP))
#5 C:\Users\amely\Local Sites\laviedesplantes\app\public\wp-includes\class-wp-hook.php(348): WP_Hook->apply_filters(NULL, Array)
#6 C:\Users\amely\Local Sites\laviedesplantes\app\public\wp-includes\plugin.php(565): WP_Hook->do_action(Array)
#7 C:\Users\amely\Local Sites\laviedesplantes\app\public\wp-includes\class-wp.php(418): do_action_ref_array('parse_request', Array)
#8 C:\Users\amely\Local Sites\laviedesplantes\app\public\wp-includes\class-wp.php(813): WP->parse_request('')
#9 C:\Users\amely\Local Sites\laviedesplantes\app\public\wp-includes\functions.php(1336): WP->main('')
#10 C:\Users\amely\Local Sites\laviedesplantes\app\public\wp-blog-header.php(16): wp()
#11 C:\Users\amely\Local Sites\laviedesplantes\app\public\index.php(17): require('C:\\Users\\amely\\...')
#12 {main}
  thrown in C:\Users\amely\Local Sites\laviedesplantes\app\public\wp-content\plugins\woolentor-addons\woolentor-blocks\includes\classes\Api\Api.php on line 319
[23-Mar-2024 18:35:28 UTC] PHP Fatal error:  Uncaught Error: Call to a member function get_id() on null in C:\Users\amely\Local Sites\laviedesplantes\app\public\wp-content\plugins\woolentor-addons\woolentor-blocks\includes\classes\Api\Api.php:319
Stack trace:
#0 C:\Users\amely\Local Sites\laviedesplantes\app\public\wp-includes\rest-api\class-wp-rest-server.php(1193): WooLentorBlocks\Api\Api->get_last_product_data(Object(WP_REST_Request))
#1 C:\Users\amely\Local Sites\laviedesplantes\app\public\wp-includes\rest-api\class-wp-rest-server.php(1041): WP_REST_Server->respond_to_request(Object(WP_REST_Request), '/woolentor/v1/s...', Array, NULL)
#2 C:\Users\amely\Local Sites\laviedesplantes\app\public\wp-includes\rest-api\class-wp-rest-server.php(431): WP_REST_Server->dispatch(Object(WP_REST_Request))
#3 C:\Users\amely\Local Sites\laviedesplantes\app\public\wp-includes\rest-api.php(424): WP_REST_Server->serve_request('/woolentor/v1/s...')
#4 C:\Users\amely\Local Sites\laviedesplantes\app\public\wp-includes\class-wp-hook.php(324): rest_api_loaded(Object(WP))
#5 C:\Users\amely\Local Sites\laviedesplantes\app\public\wp-includes\class-wp-hook.php(348): WP_Hook->apply_filters(NULL, Array)
#6 C:\Users\amely\Local Sites\laviedesplantes\app\public\wp-includes\plugin.php(565): WP_Hook->do_action(Array)
#7 C:\Users\amely\Local Sites\laviedesplantes\app\public\wp-includes\class-wp.php(418): do_action_ref_array('parse_request', Array)
#8 C:\Users\amely\Local Sites\laviedesplantes\app\public\wp-includes\class-wp.php(813): WP->parse_request('')
#9 C:\Users\amely\Local Sites\laviedesplantes\app\public\wp-includes\functions.php(1336): WP->main('')
#10 C:\Users\amely\Local Sites\laviedesplantes\app\public\wp-blog-header.php(16): wp()
#11 C:\Users\amely\Local Sites\laviedesplantes\app\public\index.php(17): require('C:\\Users\\amely\\...')
#12 {main}
  thrown in C:\Users\amely\Local Sites\laviedesplantes\app\public\wp-content\plugins\woolentor-addons\woolentor-blocks\includes\classes\Api\Api.php on line 319
[23-Mar-2024 18:44:00 UTC] PHP Fatal error:  Uncaught Error: Call to a member function get_id() on null in C:\Users\amely\Local Sites\laviedesplantes\app\public\wp-content\plugins\woolentor-addons\woolentor-blocks\includes\classes\Api\Api.php:319
Stack trace:
#0 C:\Users\amely\Local Sites\laviedesplantes\app\public\wp-includes\rest-api\class-wp-rest-server.php(1193): WooLentorBlocks\Api\Api->get_last_product_data(Object(WP_REST_Request))
#1 C:\Users\amely\Local Sites\laviedesplantes\app\public\wp-includes\rest-api\class-wp-rest-server.php(1041): WP_REST_Server->respond_to_request(Object(WP_REST_Request), '/woolentor/v1/s...', Array, NULL)
#2 C:\Users\amely\Local Sites\laviedesplantes\app\public\wp-includes\rest-api\class-wp-rest-server.php(431): WP_REST_Server->dispatch(Object(WP_REST_Request))
#3 C:\Users\amely\Local Sites\laviedesplantes\app\public\wp-includes\rest-api.php(424): WP_REST_Server->serve_request('/woolentor/v1/s...')
#4 C:\Users\amely\Local Sites\laviedesplantes\app\public\wp-includes\class-wp-hook.php(324): rest_api_loaded(Object(WP))
#5 C:\Users\amely\Local Sites\laviedesplantes\app\public\wp-includes\class-wp-hook.php(348): WP_Hook->apply_filters(NULL, Array)
#6 C:\Users\amely\Local Sites\laviedesplantes\app\public\wp-includes\plugin.php(565): WP_Hook->do_action(Array)
#7 C:\Users\amely\Local Sites\laviedesplantes\app\public\wp-includes\class-wp.php(418): do_action_ref_array('parse_request', Array)
#8 C:\Users\amely\Local Sites\laviedesplantes\app\public\wp-includes\class-wp.php(813): WP->parse_request('')
#9 C:\Users\amely\Local Sites\laviedesplantes\app\public\wp-includes\functions.php(1336): WP->main('')
#10 C:\Users\amely\Local Sites\laviedesplantes\app\public\wp-blog-header.php(16): wp()
#11 C:\Users\amely\Local Sites\laviedesplantes\app\public\index.php(17): require('C:\\Users\\amely\\...')
#12 {main}
  thrown in C:\Users\amely\Local Sites\laviedesplantes\app\public\wp-content\plugins\woolentor-addons\woolentor-blocks\includes\classes\Api\Api.php on line 319
[23-Mar-2024 18:53:24 UTC] PHP Fatal error:  Uncaught Error: Call to a member function get_id() on null in C:\Users\amely\Local Sites\laviedesplantes\app\public\wp-content\plugins\woolentor-addons\woolentor-blocks\includes\classes\Api\Api.php:319
Stack trace:
#0 C:\Users\amely\Local Sites\laviedesplantes\app\public\wp-includes\rest-api\class-wp-rest-server.php(1193): WooLentorBlocks\Api\Api->get_last_product_data(Object(WP_REST_Request))
#1 C:\Users\amely\Local Sites\laviedesplantes\app\public\wp-includes\rest-api\class-wp-rest-server.php(1041): WP_REST_Server->respond_to_request(Object(WP_REST_Request), '/woolentor/v1/s...', Array, NULL)
#2 C:\Users\amely\Local Sites\laviedesplantes\app\public\wp-includes\rest-api\class-wp-rest-server.php(431): WP_REST_Server->dispatch(Object(WP_REST_Request))
#3 C:\Users\amely\Local Sites\laviedesplantes\app\public\wp-includes\rest-api.php(424): WP_REST_Server->serve_request('/woolentor/v1/s...')
#4 C:\Users\amely\Local Sites\laviedesplantes\app\public\wp-includes\class-wp-hook.php(324): rest_api_loaded(Object(WP))
#5 C:\Users\amely\Local Sites\laviedesplantes\app\public\wp-includes\class-wp-hook.php(348): WP_Hook->apply_filters(NULL, Array)
#6 C:\Users\amely\Local Sites\laviedesplantes\app\public\wp-includes\plugin.php(565): WP_Hook->do_action(Array)
#7 C:\Users\amely\Local Sites\laviedesplantes\app\public\wp-includes\class-wp.php(418): do_action_ref_array('parse_request', Array)
#8 C:\Users\amely\Local Sites\laviedesplantes\app\public\wp-includes\class-wp.php(813): WP->parse_request('')
#9 C:\Users\amely\Local Sites\laviedesplantes\app\public\wp-includes\functions.php(1336): WP->main('')
#10 C:\Users\amely\Local Sites\laviedesplantes\app\public\wp-blog-header.php(16): wp()
#11 C:\Users\amely\Local Sites\laviedesplantes\app\public\index.php(17): require('C:\\Users\\amely\\...')
#12 {main}
  thrown in C:\Users\amely\Local Sites\laviedesplantes\app\public\wp-content\plugins\woolentor-addons\woolentor-blocks\includes\classes\Api\Api.php on line 319
[23-Mar-2024 18:53:34 UTC] PHP Fatal error:  Uncaught Error: Call to a member function get_id() on null in C:\Users\amely\Local Sites\laviedesplantes\app\public\wp-content\plugins\woolentor-addons\woolentor-blocks\includes\classes\Api\Api.php:319
Stack trace:
#0 C:\Users\amely\Local Sites\laviedesplantes\app\public\wp-includes\rest-api\class-wp-rest-server.php(1193): WooLentorBlocks\Api\Api->get_last_product_data(Object(WP_REST_Request))
#1 C:\Users\amely\Local Sites\laviedesplantes\app\public\wp-includes\rest-api\class-wp-rest-server.php(1041): WP_REST_Server->respond_to_request(Object(WP_REST_Request), '/woolentor/v1/s...', Array, NULL)
#2 C:\Users\amely\Local Sites\laviedesplantes\app\public\wp-includes\rest-api\class-wp-rest-server.php(431): WP_REST_Server->dispatch(Object(WP_REST_Request))
#3 C:\Users\amely\Local Sites\laviedesplantes\app\public\wp-includes\rest-api.php(424): WP_REST_Server->serve_request('/woolentor/v1/s...')
#4 C:\Users\amely\Local Sites\laviedesplantes\app\public\wp-includes\class-wp-hook.php(324): rest_api_loaded(Object(WP))
#5 C:\Users\amely\Local Sites\laviedesplantes\app\public\wp-includes\class-wp-hook.php(348): WP_Hook->apply_filters(NULL, Array)
#6 C:\Users\amely\Local Sites\laviedesplantes\app\public\wp-includes\plugin.php(565): WP_Hook->do_action(Array)
#7 C:\Users\amely\Local Sites\laviedesplantes\app\public\wp-includes\class-wp.php(418): do_action_ref_array('parse_request', Array)
#8 C:\Users\amely\Local Sites\laviedesplantes\app\public\wp-includes\class-wp.php(813): WP->parse_request('')
#9 C:\Users\amely\Local Sites\laviedesplantes\app\public\wp-includes\functions.php(1336): WP->main('')
#10 C:\Users\amely\Local Sites\laviedesplantes\app\public\wp-blog-header.php(16): wp()
#11 C:\Users\amely\Local Sites\laviedesplantes\app\public\index.php(17): require('C:\\Users\\amely\\...')
#12 {main}
  thrown in C:\Users\amely\Local Sites\laviedesplantes\app\public\wp-content\plugins\woolentor-addons\woolentor-blocks\includes\classes\Api\Api.php on line 319
[23-Mar-2024 18:54:45 UTC] PHP Fatal error:  Uncaught Error: Call to a member function get_id() on null in C:\Users\amely\Local Sites\laviedesplantes\app\public\wp-content\plugins\woolentor-addons\woolentor-blocks\includes\classes\Api\Api.php:319
Stack trace:
#0 C:\Users\amely\Local Sites\laviedesplantes\app\public\wp-includes\rest-api\class-wp-rest-server.php(1193): WooLentorBlocks\Api\Api->get_last_product_data(Object(WP_REST_Request))
#1 C:\Users\amely\Local Sites\laviedesplantes\app\public\wp-includes\rest-api\class-wp-rest-server.php(1041): WP_REST_Server->respond_to_request(Object(WP_REST_Request), '/woolentor/v1/s...', Array, NULL)
#2 C:\Users\amely\Local Sites\laviedesplantes\app\public\wp-includes\rest-api\class-wp-rest-server.php(431): WP_REST_Server->dispatch(Object(WP_REST_Request))
#3 C:\Users\amely\Local Sites\laviedesplantes\app\public\wp-includes\rest-api.php(424): WP_REST_Server->serve_request('/woolentor/v1/s...')
#4 C:\Users\amely\Local Sites\laviedesplantes\app\public\wp-includes\class-wp-hook.php(324): rest_api_loaded(Object(WP))
#5 C:\Users\amely\Local Sites\laviedesplantes\app\public\wp-includes\class-wp-hook.php(348): WP_Hook->apply_filters(NULL, Array)
#6 C:\Users\amely\Local Sites\laviedesplantes\app\public\wp-includes\plugin.php(565): WP_Hook->do_action(Array)
#7 C:\Users\amely\Local Sites\laviedesplantes\app\public\wp-includes\class-wp.php(418): do_action_ref_array('parse_request', Array)
#8 C:\Users\amely\Local Sites\laviedesplantes\app\public\wp-includes\class-wp.php(813): WP->parse_request('')
#9 C:\Users\amely\Local Sites\laviedesplantes\app\public\wp-includes\functions.php(1336): WP->main('')
#10 C:\Users\amely\Local Sites\laviedesplantes\app\public\wp-blog-header.php(16): wp()
#11 C:\Users\amely\Local Sites\laviedesplantes\app\public\index.php(17): require('C:\\Users\\amely\\...')
#12 {main}
  thrown in C:\Users\amely\Local Sites\laviedesplantes\app\public\wp-content\plugins\woolentor-addons\woolentor-blocks\includes\classes\Api\Api.php on line 319
[23-Mar-2024 18:55:17 UTC] PHP Fatal error:  Uncaught Error: Call to a member function get_id() on null in C:\Users\amely\Local Sites\laviedesplantes\app\public\wp-content\plugins\woolentor-addons\woolentor-blocks\includes\classes\Api\Api.php:319
Stack trace:
#0 C:\Users\amely\Local Sites\laviedesplantes\app\public\wp-includes\rest-api\class-wp-rest-server.php(1193): WooLentorBlocks\Api\Api->get_last_product_data(Object(WP_REST_Request))
#1 C:\Users\amely\Local Sites\laviedesplantes\app\public\wp-includes\rest-api\class-wp-rest-server.php(1041): WP_REST_Server->respond_to_request(Object(WP_REST_Request), '/woolentor/v1/s...', Array, NULL)
#2 C:\Users\amely\Local Sites\laviedesplantes\app\public\wp-includes\rest-api\class-wp-rest-server.php(431): WP_REST_Server->dispatch(Object(WP_REST_Request))
#3 C:\Users\amely\Local Sites\laviedesplantes\app\public\wp-includes\rest-api.php(424): WP_REST_Server->serve_request('/woolentor/v1/s...')
#4 C:\Users\amely\Local Sites\laviedesplantes\app\public\wp-includes\class-wp-hook.php(324): rest_api_loaded(Object(WP))
#5 C:\Users\amely\Local Sites\laviedesplantes\app\public\wp-includes\class-wp-hook.php(348): WP_Hook->apply_filters(NULL, Array)
#6 C:\Users\amely\Local Sites\laviedesplantes\app\public\wp-includes\plugin.php(565): WP_Hook->do_action(Array)
#7 C:\Users\amely\Local Sites\laviedesplantes\app\public\wp-includes\class-wp.php(418): do_action_ref_array('parse_request', Array)
#8 C:\Users\amely\Local Sites\laviedesplantes\app\public\wp-includes\class-wp.php(813): WP->parse_request('')
#9 C:\Users\amely\Local Sites\laviedesplantes\app\public\wp-includes\functions.php(1336): WP->main('')
#10 C:\Users\amely\Local Sites\laviedesplantes\app\public\wp-blog-header.php(16): wp()
#11 C:\Users\amely\Local Sites\laviedesplantes\app\public\index.php(17): require('C:\\Users\\amely\\...')
#12 {main}
  thrown in C:\Users\amely\Local Sites\laviedesplantes\app\public\wp-content\plugins\woolentor-addons\woolentor-blocks\includes\classes\Api\Api.php on line 319
[24-Mar-2024 13:33:14 UTC] PHP Fatal error:  Uncaught Error: Call to a member function get_id() on null in C:\Users\amely\Local Sites\laviedesplantes\app\public\wp-content\plugins\woolentor-addons\woolentor-blocks\includes\classes\Api\Api.php:319
Stack trace:
#0 C:\Users\amely\Local Sites\laviedesplantes\app\public\wp-includes\rest-api\class-wp-rest-server.php(1193): WooLentorBlocks\Api\Api->get_last_product_data(Object(WP_REST_Request))
#1 C:\Users\amely\Local Sites\laviedesplantes\app\public\wp-includes\rest-api\class-wp-rest-server.php(1041): WP_REST_Server->respond_to_request(Object(WP_REST_Request), '/woolentor/v1/s...', Array, NULL)
#2 C:\Users\amely\Local Sites\laviedesplantes\app\public\wp-includes\rest-api\class-wp-rest-server.php(431): WP_REST_Server->dispatch(Object(WP_REST_Request))
#3 C:\Users\amely\Local Sites\laviedesplantes\app\public\wp-includes\rest-api.php(424): WP_REST_Server->serve_request('/woolentor/v1/s...')
#4 C:\Users\amely\Local Sites\laviedesplantes\app\public\wp-includes\class-wp-hook.php(324): rest_api_loaded(Object(WP))
#5 C:\Users\amely\Local Sites\laviedesplantes\app\public\wp-includes\class-wp-hook.php(348): WP_Hook->apply_filters(NULL, Array)
#6 C:\Users\amely\Local Sites\laviedesplantes\app\public\wp-includes\plugin.php(565): WP_Hook->do_action(Array)
#7 C:\Users\amely\Local Sites\laviedesplantes\app\public\wp-includes\class-wp.php(418): do_action_ref_array('parse_request', Array)
#8 C:\Users\amely\Local Sites\laviedesplantes\app\public\wp-includes\class-wp.php(813): WP->parse_request('')
#9 C:\Users\amely\Local Sites\laviedesplantes\app\public\wp-includes\functions.php(1336): WP->main('')
#10 C:\Users\amely\Local Sites\laviedesplantes\app\public\wp-blog-header.php(16): wp()
#11 C:\Users\amely\Local Sites\laviedesplantes\app\public\index.php(17): require('C:\\Users\\amely\\...')
#12 {main}
  thrown in C:\Users\amely\Local Sites\laviedesplantes\app\public\wp-content\plugins\woolentor-addons\woolentor-blocks\includes\classes\Api\Api.php on line 319
[24-Mar-2024 13:47:05 UTC] PHP Fatal error:  Uncaught Error: Call to a member function get_id() on null in C:\Users\amely\Local Sites\laviedesplantes\app\public\wp-content\plugins\woolentor-addons\woolentor-blocks\includes\classes\Api\Api.php:319
Stack trace:
#0 C:\Users\amely\Local Sites\laviedesplantes\app\public\wp-includes\rest-api\class-wp-rest-server.php(1193): WooLentorBlocks\Api\Api->get_last_product_data(Object(WP_REST_Request))
#1 C:\Users\amely\Local Sites\laviedesplantes\app\public\wp-includes\rest-api\class-wp-rest-server.php(1041): WP_REST_Server->respond_to_request(Object(WP_REST_Request), '/woolentor/v1/s...', Array, NULL)
#2 C:\Users\amely\Local Sites\laviedesplantes\app\public\wp-includes\rest-api\class-wp-rest-server.php(431): WP_REST_Server->dispatch(Object(WP_REST_Request))
#3 C:\Users\amely\Local Sites\laviedesplantes\app\public\wp-includes\rest-api.php(424): WP_REST_Server->serve_request('/woolentor/v1/s...')
#4 C:\Users\amely\Local Sites\laviedesplantes\app\public\wp-includes\class-wp-hook.php(324): rest_api_loaded(Object(WP))
#5 C:\Users\amely\Local Sites\laviedesplantes\app\public\wp-includes\class-wp-hook.php(348): WP_Hook->apply_filters(NULL, Array)
#6 C:\Users\amely\Local Sites\laviedesplantes\app\public\wp-includes\plugin.php(565): WP_Hook->do_action(Array)
#7 C:\Users\amely\Local Sites\laviedesplantes\app\public\wp-includes\class-wp.php(418): do_action_ref_array('parse_request', Array)
#8 C:\Users\amely\Local Sites\laviedesplantes\app\public\wp-includes\class-wp.php(813): WP->parse_request('')
#9 C:\Users\amely\Local Sites\laviedesplantes\app\public\wp-includes\functions.php(1336): WP->main('')
#10 C:\Users\amely\Local Sites\laviedesplantes\app\public\wp-blog-header.php(16): wp()
#11 C:\Users\amely\Local Sites\laviedesplantes\app\public\index.php(17): require('C:\\Users\\amely\\...')
#12 {main}
  thrown in C:\Users\amely\Local Sites\laviedesplantes\app\public\wp-content\plugins\woolentor-addons\woolentor-blocks\includes\classes\Api\Api.php on line 319
[24-Mar-2024 13:47:51 UTC] PHP Fatal error:  Uncaught Error: Call to a member function get_id() on null in C:\Users\amely\Local Sites\laviedesplantes\app\public\wp-content\plugins\woolentor-addons\woolentor-blocks\includes\classes\Api\Api.php:319
Stack trace:
#0 C:\Users\amely\Local Sites\laviedesplantes\app\public\wp-includes\rest-api\class-wp-rest-server.php(1193): WooLentorBlocks\Api\Api->get_last_product_data(Object(WP_REST_Request))
#1 C:\Users\amely\Local Sites\laviedesplantes\app\public\wp-includes\rest-api\class-wp-rest-server.php(1041): WP_REST_Server->respond_to_request(Object(WP_REST_Request), '/woolentor/v1/s...', Array, NULL)
#2 C:\Users\amely\Local Sites\laviedesplantes\app\public\wp-includes\rest-api\class-wp-rest-server.php(431): WP_REST_Server->dispatch(Object(WP_REST_Request))
#3 C:\Users\amely\Local Sites\laviedesplantes\app\public\wp-includes\rest-api.php(424): WP_REST_Server->serve_request('/woolentor/v1/s...')
#4 C:\Users\amely\Local Sites\laviedesplantes\app\public\wp-includes\class-wp-hook.php(324): rest_api_loaded(Object(WP))
#5 C:\Users\amely\Local Sites\laviedesplantes\app\public\wp-includes\class-wp-hook.php(348): WP_Hook->apply_filters(NULL, Array)
#6 C:\Users\amely\Local Sites\laviedesplantes\app\public\wp-includes\plugin.php(565): WP_Hook->do_action(Array)
#7 C:\Users\amely\Local Sites\laviedesplantes\app\public\wp-includes\class-wp.php(418): do_action_ref_array('parse_request', Array)
#8 C:\Users\amely\Local Sites\laviedesplantes\app\public\wp-includes\class-wp.php(813): WP->parse_request('')
#9 C:\Users\amely\Local Sites\laviedesplantes\app\public\wp-includes\functions.php(1336): WP->main('')
#10 C:\Users\amely\Local Sites\laviedesplantes\app\public\wp-blog-header.php(16): wp()
#11 C:\Users\amely\Local Sites\laviedesplantes\app\public\index.php(17): require('C:\\Users\\amely\\...')
#12 {main}
  thrown in C:\Users\amely\Local Sites\laviedesplantes\app\public\wp-content\plugins\woolentor-addons\woolentor-blocks\includes\classes\Api\Api.php on line 319
[24-Mar-2024 13:48:21 UTC] PHP Fatal error:  Uncaught Error: Call to a member function get_id() on null in C:\Users\amely\Local Sites\laviedesplantes\app\public\wp-content\plugins\woolentor-addons\woolentor-blocks\includes\classes\Api\Api.php:319
Stack trace:
#0 C:\Users\amely\Local Sites\laviedesplantes\app\public\wp-includes\rest-api\class-wp-rest-server.php(1193): WooLentorBlocks\Api\Api->get_last_product_data(Object(WP_REST_Request))
#1 C:\Users\amely\Local Sites\laviedesplantes\app\public\wp-includes\rest-api\class-wp-rest-server.php(1041): WP_REST_Server->respond_to_request(Object(WP_REST_Request), '/woolentor/v1/s...', Array, NULL)
#2 C:\Users\amely\Local Sites\laviedesplantes\app\public\wp-includes\rest-api\class-wp-rest-server.php(431): WP_REST_Server->dispatch(Object(WP_REST_Request))
#3 C:\Users\amely\Local Sites\laviedesplantes\app\public\wp-includes\rest-api.php(424): WP_REST_Server->serve_request('/woolentor/v1/s...')
#4 C:\Users\amely\Local Sites\laviedesplantes\app\public\wp-includes\class-wp-hook.php(324): rest_api_loaded(Object(WP))
#5 C:\Users\amely\Local Sites\laviedesplantes\app\public\wp-includes\class-wp-hook.php(348): WP_Hook->apply_filters(NULL, Array)
#6 C:\Users\amely\Local Sites\laviedesplantes\app\public\wp-includes\plugin.php(565): WP_Hook->do_action(Array)
#7 C:\Users\amely\Local Sites\laviedesplantes\app\public\wp-includes\class-wp.php(418): do_action_ref_array('parse_request', Array)
#8 C:\Users\amely\Local Sites\laviedesplantes\app\public\wp-includes\class-wp.php(813): WP->parse_request('')
#9 C:\Users\amely\Local Sites\laviedesplantes\app\public\wp-includes\functions.php(1336): WP->main('')
#10 C:\Users\amely\Local Sites\laviedesplantes\app\public\wp-blog-header.php(16): wp()
#11 C:\Users\amely\Local Sites\laviedesplantes\app\public\index.php(17): require('C:\\Users\\amely\\...')
#12 {main}
  thrown in C:\Users\amely\Local Sites\laviedesplantes\app\public\wp-content\plugins\woolentor-addons\woolentor-blocks\includes\classes\Api\Api.php on line 319
[24-Mar-2024 13:48:34 UTC] PHP Fatal error:  Uncaught Error: Call to a member function get_id() on null in C:\Users\amely\Local Sites\laviedesplantes\app\public\wp-content\plugins\woolentor-addons\woolentor-blocks\includes\classes\Api\Api.php:319
Stack trace:
#0 C:\Users\amely\Local Sites\laviedesplantes\app\public\wp-includes\rest-api\class-wp-rest-server.php(1193): WooLentorBlocks\Api\Api->get_last_product_data(Object(WP_REST_Request))
#1 C:\Users\amely\Local Sites\laviedesplantes\app\public\wp-includes\rest-api\class-wp-rest-server.php(1041): WP_REST_Server->respond_to_request(Object(WP_REST_Request), '/woolentor/v1/s...', Array, NULL)
#2 C:\Users\amely\Local Sites\laviedesplantes\app\public\wp-includes\rest-api\class-wp-rest-server.php(431): WP_REST_Server->dispatch(Object(WP_REST_Request))
#3 C:\Users\amely\Local Sites\laviedesplantes\app\public\wp-includes\rest-api.php(424): WP_REST_Server->serve_request('/woolentor/v1/s...')
#4 C:\Users\amely\Local Sites\laviedesplantes\app\public\wp-includes\class-wp-hook.php(324): rest_api_loaded(Object(WP))
#5 C:\Users\amely\Local Sites\laviedesplantes\app\public\wp-includes\class-wp-hook.php(348): WP_Hook->apply_filters(NULL, Array)
#6 C:\Users\amely\Local Sites\laviedesplantes\app\public\wp-includes\plugin.php(565): WP_Hook->do_action(Array)
#7 C:\Users\amely\Local Sites\laviedesplantes\app\public\wp-includes\class-wp.php(418): do_action_ref_array('parse_request', Array)
#8 C:\Users\amely\Local Sites\laviedesplantes\app\public\wp-includes\class-wp.php(813): WP->parse_request('')
#9 C:\Users\amely\Local Sites\laviedesplantes\app\public\wp-includes\functions.php(1336): WP->main('')
#10 C:\Users\amely\Local Sites\laviedesplantes\app\public\wp-blog-header.php(16): wp()
#11 C:\Users\amely\Local Sites\laviedesplantes\app\public\index.php(17): require('C:\\Users\\amely\\...')
#12 {main}
  thrown in C:\Users\amely\Local Sites\laviedesplantes\app\public\wp-content\plugins\woolentor-addons\woolentor-blocks\includes\classes\Api\Api.php on line 319
[24-Mar-2024 13:56:00 UTC] PHP Fatal error:  Uncaught Error: Call to a member function get_id() on null in C:\Users\amely\Local Sites\laviedesplantes\app\public\wp-content\plugins\woolentor-addons\woolentor-blocks\includes\classes\Api\Api.php:319
Stack trace:
#0 C:\Users\amely\Local Sites\laviedesplantes\app\public\wp-includes\rest-api\class-wp-rest-server.php(1193): WooLentorBlocks\Api\Api->get_last_product_data(Object(WP_REST_Request))
#1 C:\Users\amely\Local Sites\laviedesplantes\app\public\wp-includes\rest-api\class-wp-rest-server.php(1041): WP_REST_Server->respond_to_request(Object(WP_REST_Request), '/woolentor/v1/s...', Array, NULL)
#2 C:\Users\amely\Local Sites\laviedesplantes\app\public\wp-includes\rest-api\class-wp-rest-server.php(431): WP_REST_Server->dispatch(Object(WP_REST_Request))
#3 C:\Users\amely\Local Sites\laviedesplantes\app\public\wp-includes\rest-api.php(424): WP_REST_Server->serve_request('/woolentor/v1/s...')
#4 C:\Users\amely\Local Sites\laviedesplantes\app\public\wp-includes\class-wp-hook.php(324): rest_api_loaded(Object(WP))
#5 C:\Users\amely\Local Sites\laviedesplantes\app\public\wp-includes\class-wp-hook.php(348): WP_Hook->apply_filters(NULL, Array)
#6 C:\Users\amely\Local Sites\laviedesplantes\app\public\wp-includes\plugin.php(565): WP_Hook->do_action(Array)
#7 C:\Users\amely\Local Sites\laviedesplantes\app\public\wp-includes\class-wp.php(418): do_action_ref_array('parse_request', Array)
#8 C:\Users\amely\Local Sites\laviedesplantes\app\public\wp-includes\class-wp.php(813): WP->parse_request('')
#9 C:\Users\amely\Local Sites\laviedesplantes\app\public\wp-includes\functions.php(1336): WP->main('')
#10 C:\Users\amely\Local Sites\laviedesplantes\app\public\wp-blog-header.php(16): wp()
#11 C:\Users\amely\Local Sites\laviedesplantes\app\public\index.php(17): require('C:\\Users\\amely\\...')
#12 {main}
  thrown in C:\Users\amely\Local Sites\laviedesplantes\app\public\wp-content\plugins\woolentor-addons\woolentor-blocks\includes\classes\Api\Api.php on line 319
[24-Mar-2024 14:17:56 UTC] PHP Warning:  Undefined array key "alldata" in C:\Users\amely\Local Sites\laviedesplantes\app\public\wp-content\plugins\woolentor-addons\classes\class.ajax_actions.php on line 99
[24-Mar-2024 17:52:12 UTC] PHP Fatal error:  Uncaught WCPay\Exceptions\API_Exception: Your site host "laviedesplantes.local" is on a private network. Jetpack can only connect to public sites. in C:\Users\amely\Local Sites\laviedesplantes\app\public\wp-content\plugins\woocommerce-payments\includes\wc-payment-api\class-wc-payments-http.php:194
Stack trace:
#0 C:\Users\amely\Local Sites\laviedesplantes\app\public\wp-content\plugins\woocommerce-payments\includes\wc-payment-api\class-wc-payments-api-client.php(222): WC_Payments_Http->start_connection('http://laviedes...')
#1 C:\Users\amely\Local Sites\laviedesplantes\app\public\wp-content\plugins\woocommerce-payments\includes\class-wc-payments-account.php(2033): WC_Payments_API_Client->start_server_connection('http://laviedes...')
#2 C:\Users\amely\Local Sites\laviedesplantes\app\public\wp-content\plugins\woocommerce-payments\includes\class-wc-payments-account.php(1073): WC_Payments_Account->redirect_to_onboarding_flow_page('wcadmin-payment...')
#3 C:\Users\amely\Local Sites\laviedesplantes\app\public\wp-includes\class-wp-hook.php(324): WC_Payments_Account->maybe_handle_onboarding('')
#4 C:\Users\amely\Local Sites\laviedesplantes\app\public\wp-includes\class-wp-hook.php(348): WP_Hook->apply_filters(NULL, Array)
#5 C:\Users\amely\Local Sites\laviedesplantes\app\public\wp-includes\plugin.php(517): WP_Hook->do_action(Array)
#6 C:\Users\amely\Local Sites\laviedesplantes\app\public\wp-admin\admin.php(175): do_action('admin_init')
#7 C:\Users\amely\Local Sites\laviedesplantes\app\public\wp-admin\index.php(10): require_once('C:\\Users\\amely\\...')
#8 {main}
  thrown in C:\Users\amely\Local Sites\laviedesplantes\app\public\wp-content\plugins\woocommerce-payments\includes\wc-payment-api\class-wc-payments-http.php on line 194
[24-Mar-2024 19:51:33 UTC] PHP Fatal error:  Uncaught WCPay\Exceptions\API_Exception: Your site host "laviedesplantes.local" is on a private network. Jetpack can only connect to public sites. in C:\Users\amely\Local Sites\laviedesplantes\app\public\wp-content\plugins\woocommerce-payments\includes\wc-payment-api\class-wc-payments-http.php:194
Stack trace:
#0 C:\Users\amely\Local Sites\laviedesplantes\app\public\wp-content\plugins\woocommerce-payments\includes\wc-payment-api\class-wc-payments-api-client.php(222): WC_Payments_Http->start_connection('http://laviedes...')
#1 C:\Users\amely\Local Sites\laviedesplantes\app\public\wp-content\plugins\woocommerce-payments\includes\class-wc-payments-account.php(2033): WC_Payments_API_Client->start_server_connection('http://laviedes...')
#2 C:\Users\amely\Local Sites\laviedesplantes\app\public\wp-content\plugins\woocommerce-payments\includes\class-wc-payments-account.php(1073): WC_Payments_Account->redirect_to_onboarding_flow_page('wcadmin-payment...')
#3 C:\Users\amely\Local Sites\laviedesplantes\app\public\wp-includes\class-wp-hook.php(324): WC_Payments_Account->maybe_handle_onboarding('')
#4 C:\Users\amely\Local Sites\laviedesplantes\app\public\wp-includes\class-wp-hook.php(348): WP_Hook->apply_filters(NULL, Array)
#5 C:\Users\amely\Local Sites\laviedesplantes\app\public\wp-includes\plugin.php(517): WP_Hook->do_action(Array)
#6 C:\Users\amely\Local Sites\laviedesplantes\app\public\wp-admin\admin.php(175): do_action('admin_init')
#7 C:\Users\amely\Local Sites\laviedesplantes\app\public\wp-admin\index.php(10): require_once('C:\\Users\\amely\\...')
#8 {main}
  thrown in C:\Users\amely\Local Sites\laviedesplantes\app\public\wp-content\plugins\woocommerce-payments\includes\wc-payment-api\class-wc-payments-http.php on line 194
[24-Mar-2024 19:53:55 UTC] PHP Fatal error:  Uncaught WCPay\Exceptions\API_Exception: Your site host "laviedesplantes.local" is on a private network. Jetpack can only connect to public sites. in C:\Users\amely\Local Sites\laviedesplantes\app\public\wp-content\plugins\woocommerce-payments\includes\wc-payment-api\class-wc-payments-http.php:194
Stack trace:
#0 C:\Users\amely\Local Sites\laviedesplantes\app\public\wp-content\plugins\woocommerce-payments\includes\wc-payment-api\class-wc-payments-api-client.php(222): WC_Payments_Http->start_connection('http://laviedes...')
#1 C:\Users\amely\Local Sites\laviedesplantes\app\public\wp-content\plugins\woocommerce-payments\includes\class-wc-payments-account.php(2033): WC_Payments_API_Client->start_server_connection('http://laviedes...')
#2 C:\Users\amely\Local Sites\laviedesplantes\app\public\wp-content\plugins\woocommerce-payments\includes\class-wc-payments-account.php(1073): WC_Payments_Account->redirect_to_onboarding_flow_page('wcadmin-payment...')
#3 C:\Users\amely\Local Sites\laviedesplantes\app\public\wp-includes\class-wp-hook.php(324): WC_Payments_Account->maybe_handle_onboarding('')
#4 C:\Users\amely\Local Sites\laviedesplantes\app\public\wp-includes\class-wp-hook.php(348): WP_Hook->apply_filters(NULL, Array)
#5 C:\Users\amely\Local Sites\laviedesplantes\app\public\wp-includes\plugin.php(517): WP_Hook->do_action(Array)
#6 C:\Users\amely\Local Sites\laviedesplantes\app\public\wp-admin\admin.php(175): do_action('admin_init')
#7 C:\Users\amely\Local Sites\laviedesplantes\app\public\wp-admin\index.php(10): require_once('C:\\Users\\amely\\...')
#8 {main}
  thrown in C:\Users\amely\Local Sites\laviedesplantes\app\public\wp-content\plugins\woocommerce-payments\includes\wc-payment-api\class-wc-payments-http.php on line 194
[25-Mar-2024 09:40:32 UTC] Automattic\WooCommerce\Admin\Notes\WC_Admin_Notes::delete_notes_with_name is deprecated since version 4.8.0! Use Automattic\WooCommerce\Admin\Notes\Notes::delete_notes_with_name instead.
